<?xml version="1.0" encoding="UTF-8"?>
<!-- Generated by org.testng.reporters.JUnitReportReporter -->
<testsuite hostname="RFL348.local" failures="0" tests="1" name="Testcases.TC02SendText" time="3.463" errors="0" timestamp="30 Nov 2022 13:57:42 GMT" skipped="0">
  <testcase classname="Testcases.TC02SendText" name="sendTextsToDefault" time="3.463"/>
</testsuite> <!-- Testcases.TC02SendText -->
