<?xml version="1.0" encoding="UTF-8"?>
<!-- Generated by org.testng.reporters.JUnitReportReporter -->
<testsuite hostname="RFL348.local" failures="0" tests="2" name="Testcases.TC01PickDateTests" time="19.090" errors="0" timestamp="30 Nov 2022 13:57:42 GMT" skipped="0">
  <testcase classname="Testcases.TC01PickDateTests" name="changeDate" time="6.836"/>
  <testcase classname="Testcases.TC01PickDateTests" name="changeTime" time="12.254"/>
</testsuite> <!-- Testcases.TC01PickDateTests -->
